{
  "D:\\dev\\Openclassrooms\\ParcoursDevJavaAngular\\Projet6-Développez une application full-stack complète\\mdd\\front\\src\\app\\layout\\not-found\\not-found.component.ts": {
    "path": "D:\\dev\\Openclassrooms\\ParcoursDevJavaAngular\\Projet6-Développez une application full-stack complète\\mdd\\front\\src\\app\\layout\\not-found\\not-found.component.ts",
    "statementMap": {
      "0": {
        "start": {
          "line": 2,
          "column": 44
        },
        "end": {
          "line": 24,
          "column": 4
        }
      },
      "1": {
        "start": {
          "line": 4,
          "column": 18
        },
        "end": {
          "line": 6,
          "column": 5
        }
      },
      "2": {
        "start": {
          "line": 5,
          "column": 6
        },
        "end": {
          "line": 5,
          "column": 60
        }
      },
      "3": {
        "start": {
          "line": 7,
          "column": 31
        },
        "end": {
          "line": 21,
          "column": 6
        }
      },
      "4": {
        "start": {
          "line": 15,
          "column": 8
        },
        "end": {
          "line": 19,
          "column": 9
        }
      },
      "5": {
        "start": {
          "line": 16,
          "column": 10
        },
        "end": {
          "line": 16,
          "column": 37
        }
      },
      "6": {
        "start": {
          "line": 17,
          "column": 10
        },
        "end": {
          "line": 17,
          "column": 43
        }
      },
      "7": {
        "start": {
          "line": 18,
          "column": 10
        },
        "end": {
          "line": 18,
          "column": 28
        }
      },
      "8": {
        "start": {
          "line": 23,
          "column": 2
        },
        "end": {
          "line": 23,
          "column": 27
        }
      }
    },
    "fnMap": {
      "0": {
        "name": "(anonymous_0)",
        "decl": {
          "start": {
            "line": 2,
            "column": 45
          },
          "end": {
            "line": 2,
            "column": 46
          }
        },
        "loc": {
          "start": {
            "line": 2,
            "column": 51
          },
          "end": {
            "line": 24,
            "column": 1
          }
        },
        "line": 2
      },
      "1": {
        "name": "NotFoundComponent_Factory",
        "decl": {
          "start": {
            "line": 4,
            "column": 27
          },
          "end": {
            "line": 4,
            "column": 52
          }
        },
        "loc": {
          "start": {
            "line": 4,
            "column": 72
          },
          "end": {
            "line": 6,
            "column": 5
          }
        },
        "line": 4
      },
      "2": {
        "name": "NotFoundComponent_Template",
        "decl": {
          "start": {
            "line": 14,
            "column": 25
          },
          "end": {
            "line": 14,
            "column": 51
          }
        },
        "loc": {
          "start": {
            "line": 14,
            "column": 61
          },
          "end": {
            "line": 20,
            "column": 7
          }
        },
        "line": 14
      }
    },
    "branchMap": {
      "0": {
        "loc": {
          "start": {
            "line": 5,
            "column": 18
          },
          "end": {
            "line": 5,
            "column": 56
          }
        },
        "type": "binary-expr",
        "locations": [
          {
            "start": {
              "line": 5,
              "column": 18
            },
            "end": {
              "line": 5,
              "column": 35
            }
          },
          {
            "start": {
              "line": 5,
              "column": 39
            },
            "end": {
              "line": 5,
              "column": 56
            }
          }
        ],
        "line": 5
      },
      "1": {
        "loc": {
          "start": {
            "line": 15,
            "column": 8
          },
          "end": {
            "line": 19,
            "column": 9
          }
        },
        "type": "if",
        "locations": [
          {
            "start": {
              "line": 15,
              "column": 8
            },
            "end": {
              "line": 19,
              "column": 9
            }
          },
          {
            "start": {
              "line": 15,
              "column": 8
            },
            "end": {
              "line": 19,
              "column": 9
            }
          }
        ],
        "line": 15
      }
    },
    "s": {
      "0": 81,
      "1": 81,
      "2": 6,
      "3": 81,
      "4": 18,
      "5": 6,
      "6": 6,
      "7": 6,
      "8": 81
    },
    "f": {
      "0": 81,
      "1": 6,
      "2": 18
    },
    "b": {
      "0": [
        6,
        6
      ],
      "1": [
        6,
        12
      ]
    },
    "inputSourceMap": {
      "version": 3,
      "names": [
        "NotFoundComponent",
        "selectors",
        "standalone",
        "features",
        "i0",
        "ɵɵStandaloneFeature",
        "decls",
        "vars",
        "template",
        "NotFoundComponent_Template",
        "rf",
        "ctx",
        "ɵɵelementStart",
        "ɵɵtext",
        "ɵɵelementEnd"
      ],
      "sources": [
        "D:\\dev\\Openclassrooms\\ParcoursDevJavaAngular\\Projet6-Développez une application full-stack complète\\mdd\\front\\src\\app\\layout\\not-found\\not-found.component.ts",
        "D:\\dev\\Openclassrooms\\ParcoursDevJavaAngular\\Projet6-Développez une application full-stack complète\\mdd\\front\\src\\app\\layout\\not-found\\not-found.component.html"
      ],
      "sourcesContent": [
        "import { Component } from '@angular/core';\r\n\r\n@Component({\r\n  selector: 'app-not-found',\r\n  standalone: true,\r\n  imports: [],\r\n  templateUrl: './not-found.component.html',\r\n  styleUrl: './not-found.component.scss'\r\n})\r\nexport class NotFoundComponent {\r\n\r\n}\r\n",
        "<h1>Page not found !</h1>\r\n"
      ],
      "mappings": ";AASA,WAAaA,iBAAiB;EAAxB,MAAOA,iBAAiB;;uCAAjBA,iBAAiB;IAAA;;YAAjBA,iBAAiB;MAAAC,SAAA;MAAAC,UAAA;MAAAC,QAAA,GAAAC,EAAA,CAAAC,mBAAA;MAAAC,KAAA;MAAAC,IAAA;MAAAC,QAAA,WAAAC,2BAAAC,EAAA,EAAAC,GAAA;QAAA,IAAAD,EAAA;UCT9BN,EAAA,CAAAQ,cAAA,SAAI;UAAAR,EAAA,CAAAS,MAAA,uBAAgB;UAAAT,EAAA,CAAAU,YAAA,EAAK;;;;;SDSZd,iBAAiB;AAAA",
      "ignoreList": []
    },
    "_coverageSchema": "1a1c01bbd47fc00a2c39e90264f33305004495a9",
    "hash": "ffa69c45be66953ebfc78adcbce795c412d859ff"
  },
  "D:\\dev\\Openclassrooms\\ParcoursDevJavaAngular\\Projet6-Développez une application full-stack complète\\mdd\\front\\src\\app\\layout\\home\\home.component.ts": {
    "path": "D:\\dev\\Openclassrooms\\ParcoursDevJavaAngular\\Projet6-Développez une application full-stack complète\\mdd\\front\\src\\app\\layout\\home\\home.component.ts",
    "statementMap": {
      "0": {
        "start": {
          "line": 5,
          "column": 40
        },
        "end": {
          "line": 36,
          "column": 4
        }
      },
      "1": {
        "start": {
          "line": 7,
          "column": 18
        },
        "end": {
          "line": 9,
          "column": 5
        }
      },
      "2": {
        "start": {
          "line": 8,
          "column": 6
        },
        "end": {
          "line": 8,
          "column": 56
        }
      },
      "3": {
        "start": {
          "line": 10,
          "column": 31
        },
        "end": {
          "line": 33,
          "column": 6
        }
      },
      "4": {
        "start": {
          "line": 19,
          "column": 8
        },
        "end": {
          "line": 29,
          "column": 9
        }
      },
      "5": {
        "start": {
          "line": 20,
          "column": 10
        },
        "end": {
          "line": 20,
          "column": 37
        }
      },
      "6": {
        "start": {
          "line": 21,
          "column": 10
        },
        "end": {
          "line": 21,
          "column": 36
        }
      },
      "7": {
        "start": {
          "line": 22,
          "column": 10
        },
        "end": {
          "line": 22,
          "column": 28
        }
      },
      "8": {
        "start": {
          "line": 23,
          "column": 10
        },
        "end": {
          "line": 23,
          "column": 60
        }
      },
      "9": {
        "start": {
          "line": 24,
          "column": 10
        },
        "end": {
          "line": 24,
          "column": 39
        }
      },
      "10": {
        "start": {
          "line": 25,
          "column": 10
        },
        "end": {
          "line": 25,
          "column": 30
        }
      },
      "11": {
        "start": {
          "line": 26,
          "column": 10
        },
        "end": {
          "line": 26,
          "column": 50
        }
      },
      "12": {
        "start": {
          "line": 27,
          "column": 10
        },
        "end": {
          "line": 27,
          "column": 37
        }
      },
      "13": {
        "start": {
          "line": 28,
          "column": 10
        },
        "end": {
          "line": 28,
          "column": 32
        }
      },
      "14": {
        "start": {
          "line": 35,
          "column": 2
        },
        "end": {
          "line": 35,
          "column": 23
        }
      }
    },
    "fnMap": {
      "0": {
        "name": "(anonymous_0)",
        "decl": {
          "start": {
            "line": 5,
            "column": 41
          },
          "end": {
            "line": 5,
            "column": 42
          }
        },
        "loc": {
          "start": {
            "line": 5,
            "column": 47
          },
          "end": {
            "line": 36,
            "column": 1
          }
        },
        "line": 5
      },
      "1": {
        "name": "HomeComponent_Factory",
        "decl": {
          "start": {
            "line": 7,
            "column": 27
          },
          "end": {
            "line": 7,
            "column": 48
          }
        },
        "loc": {
          "start": {
            "line": 7,
            "column": 68
          },
          "end": {
            "line": 9,
            "column": 5
          }
        },
        "line": 7
      },
      "2": {
        "name": "HomeComponent_Template",
        "decl": {
          "start": {
            "line": 18,
            "column": 25
          },
          "end": {
            "line": 18,
            "column": 47
          }
        },
        "loc": {
          "start": {
            "line": 18,
            "column": 57
          },
          "end": {
            "line": 30,
            "column": 7
          }
        },
        "line": 18
      }
    },
    "branchMap": {
      "0": {
        "loc": {
          "start": {
            "line": 8,
            "column": 18
          },
          "end": {
            "line": 8,
            "column": 52
          }
        },
        "type": "binary-expr",
        "locations": [
          {
            "start": {
              "line": 8,
              "column": 18
            },
            "end": {
              "line": 8,
              "column": 35
            }
          },
          {
            "start": {
              "line": 8,
              "column": 39
            },
            "end": {
              "line": 8,
              "column": 52
            }
          }
        ],
        "line": 8
      },
      "1": {
        "loc": {
          "start": {
            "line": 19,
            "column": 8
          },
          "end": {
            "line": 29,
            "column": 9
          }
        },
        "type": "if",
        "locations": [
          {
            "start": {
              "line": 19,
              "column": 8
            },
            "end": {
              "line": 29,
              "column": 9
            }
          },
          {
            "start": {
              "line": 19,
              "column": 8
            },
            "end": {
              "line": 29,
              "column": 9
            }
          }
        ],
        "line": 19
      }
    },
    "s": {
      "0": 81,
      "1": 81,
      "2": 20,
      "3": 81,
      "4": 40,
      "5": 20,
      "6": 20,
      "7": 20,
      "8": 20,
      "9": 20,
      "10": 20,
      "11": 20,
      "12": 20,
      "13": 20,
      "14": 81
    },
    "f": {
      "0": 81,
      "1": 20,
      "2": 40
    },
    "b": {
      "0": [
        20,
        20
      ],
      "1": [
        20,
        20
      ]
    },
    "inputSourceMap": {
      "version": 3,
      "names": [
        "MatButtonModule",
        "RouterLink",
        "HomeComponent",
        "selectors",
        "standalone",
        "features",
        "i0",
        "ɵɵStandaloneFeature",
        "decls",
        "vars",
        "consts",
        "template",
        "HomeComponent_Template",
        "rf",
        "ctx",
        "ɵɵelementStart",
        "ɵɵelement",
        "ɵɵelementEnd",
        "ɵɵtext",
        "i1",
        "MatAnchor",
        "styles"
      ],
      "sources": [
        "D:\\dev\\Openclassrooms\\ParcoursDevJavaAngular\\Projet6-Développez une application full-stack complète\\mdd\\front\\src\\app\\layout\\home\\home.component.ts",
        "D:\\dev\\Openclassrooms\\ParcoursDevJavaAngular\\Projet6-Développez une application full-stack complète\\mdd\\front\\src\\app\\layout\\home\\home.component.html"
      ],
      "sourcesContent": [
        "import { Component } from '@angular/core';\r\nimport { MatButtonModule } from '@angular/material/button';\r\nimport { RouterLink } from '@angular/router';\r\n\r\n@Component({\r\n  selector: 'app-home',\r\n  standalone: true,\r\n  imports: [MatButtonModule, RouterLink],\r\n  templateUrl: './home.component.html',\r\n  styleUrl: './home.component.scss'\r\n})\r\nexport class HomeComponent {\r\n\r\n}\r\n",
        "<h1><img src=\"assets/images/logo.png\" alt=\"MDD\"></h1>\r\n\r\n<div>\r\n    <span>\r\n        <a mat-stroked-button routerLink=\"login\">Se connecter</a>\r\n    </span>\r\n    <span>\r\n        <a mat-stroked-button routerLink=\"register\">S'inscrire</a>\r\n    </span>\r\n</div>"
      ],
      "mappings": "AACA,SAASA,eAAe,QAAQ,0BAA0B;AAC1D,SAASC,UAAU,QAAQ,iBAAiB;;;AAS5C,WAAaC,aAAa;EAApB,MAAOA,aAAa;;uCAAbA,aAAa;IAAA;;YAAbA,aAAa;MAAAC,SAAA;MAAAC,UAAA;MAAAC,QAAA,GAAAC,EAAA,CAAAC,mBAAA;MAAAC,KAAA;MAAAC,IAAA;MAAAC,MAAA;MAAAC,QAAA,WAAAC,uBAAAC,EAAA,EAAAC,GAAA;QAAA,IAAAD,EAAA;UCX1BP,EAAA,CAAAS,cAAA,SAAI;UAAAT,EAAA,CAAAU,SAAA,aAA4C;UAAAV,EAAA,CAAAW,YAAA,EAAK;UAI7CX,EAFR,CAAAS,cAAA,UAAK,WACK,WACuC;UAAAT,EAAA,CAAAY,MAAA,mBAAY;UACzDZ,EADyD,CAAAW,YAAA,EAAI,EACtD;UAEHX,EADJ,CAAAS,cAAA,WAAM,WAC0C;UAAAT,EAAA,CAAAY,MAAA,iBAAU;UAE9DZ,EAF8D,CAAAW,YAAA,EAAI,EACvD,EACL;;;qBDFMjB,eAAe,EAAAmB,EAAA,CAAAC,SAAA,EAAEnB,UAAU;MAAAoB,MAAA;IAAA;;SAI1BnB,aAAa;AAAA",
      "ignoreList": []
    },
    "_coverageSchema": "1a1c01bbd47fc00a2c39e90264f33305004495a9",
    "hash": "e32d5706c49e4feb8cf347418da6c946dc3a9e71"
  },
  "D:\\dev\\Openclassrooms\\ParcoursDevJavaAngular\\Projet6-Développez une application full-stack complète\\mdd\\front\\src\\app\\core\\services\\auth.service.ts": {
    "path": "D:\\dev\\Openclassrooms\\ParcoursDevJavaAngular\\Projet6-Développez une application full-stack complète\\mdd\\front\\src\\app\\core\\services\\auth.service.ts",
    "statementMap": {
      "0": {
        "start": {
          "line": 3,
          "column": 38
        },
        "end": {
          "line": 29,
          "column": 4
        }
      },
      "1": {
        "start": {
          "line": 6,
          "column": 18
        },
        "end": {
          "line": 6,
          "column": 28
        }
      },
      "2": {
        "start": {
          "line": 8,
          "column": 6
        },
        "end": {
          "line": 8,
          "column": 35
        }
      },
      "3": {
        "start": {
          "line": 11,
          "column": 6
        },
        "end": {
          "line": 11,
          "column": 83
        }
      },
      "4": {
        "start": {
          "line": 14,
          "column": 6
        },
        "end": {
          "line": 14,
          "column": 77
        }
      },
      "5": {
        "start": {
          "line": 17,
          "column": 6
        },
        "end": {
          "line": 17,
          "column": 91
        }
      },
      "6": {
        "start": {
          "line": 19,
          "column": 18
        },
        "end": {
          "line": 21,
          "column": 5
        }
      },
      "7": {
        "start": {
          "line": 20,
          "column": 6
        },
        "end": {
          "line": 20,
          "column": 80
        }
      },
      "8": {
        "start": {
          "line": 22,
          "column": 32
        },
        "end": {
          "line": 26,
          "column": 6
        }
      },
      "9": {
        "start": {
          "line": 28,
          "column": 2
        },
        "end": {
          "line": 28,
          "column": 21
        }
      }
    },
    "fnMap": {
      "0": {
        "name": "(anonymous_0)",
        "decl": {
          "start": {
            "line": 3,
            "column": 39
          },
          "end": {
            "line": 3,
            "column": 40
          }
        },
        "loc": {
          "start": {
            "line": 3,
            "column": 45
          },
          "end": {
            "line": 29,
            "column": 1
          }
        },
        "line": 3
      },
      "1": {
        "name": "(anonymous_1)",
        "decl": {
          "start": {
            "line": 7,
            "column": 4
          },
          "end": {
            "line": 7,
            "column": 5
          }
        },
        "loc": {
          "start": {
            "line": 7,
            "column": 28
          },
          "end": {
            "line": 9,
            "column": 5
          }
        },
        "line": 7
      },
      "2": {
        "name": "(anonymous_2)",
        "decl": {
          "start": {
            "line": 10,
            "column": 4
          },
          "end": {
            "line": 10,
            "column": 5
          }
        },
        "loc": {
          "start": {
            "line": 10,
            "column": 30
          },
          "end": {
            "line": 12,
            "column": 5
          }
        },
        "line": 10
      },
      "3": {
        "name": "(anonymous_3)",
        "decl": {
          "start": {
            "line": 13,
            "column": 4
          },
          "end": {
            "line": 13,
            "column": 5
          }
        },
        "loc": {
          "start": {
            "line": 13,
            "column": 24
          },
          "end": {
            "line": 15,
            "column": 5
          }
        },
        "line": 13
      },
      "4": {
        "name": "(anonymous_4)",
        "decl": {
          "start": {
            "line": 16,
            "column": 4
          },
          "end": {
            "line": 16,
            "column": 5
          }
        },
        "loc": {
          "start": {
            "line": 16,
            "column": 38
          },
          "end": {
            "line": 18,
            "column": 5
          }
        },
        "line": 16
      },
      "5": {
        "name": "AuthService_Factory",
        "decl": {
          "start": {
            "line": 19,
            "column": 27
          },
          "end": {
            "line": 19,
            "column": 46
          }
        },
        "loc": {
          "start": {
            "line": 19,
            "column": 66
          },
          "end": {
            "line": 21,
            "column": 5
          }
        },
        "line": 19
      }
    },
    "branchMap": {
      "0": {
        "loc": {
          "start": {
            "line": 20,
            "column": 18
          },
          "end": {
            "line": 20,
            "column": 50
          }
        },
        "type": "binary-expr",
        "locations": [
          {
            "start": {
              "line": 20,
              "column": 18
            },
            "end": {
              "line": 20,
              "column": 35
            }
          },
          {
            "start": {
              "line": 20,
              "column": 39
            },
            "end": {
              "line": 20,
              "column": 50
            }
          }
        ],
        "line": 20
      }
    },
    "s": {
      "0": 81,
      "1": 73,
      "2": 73,
      "3": 6,
      "4": 52,
      "5": 0,
      "6": 81,
      "7": 73,
      "8": 81,
      "9": 81
    },
    "f": {
      "0": 81,
      "1": 73,
      "2": 6,
      "3": 52,
      "4": 0,
      "5": 73
    },
    "b": {
      "0": [
        73,
        73
      ]
    },
    "inputSourceMap": {
      "version": 3,
      "names": [
        "AuthService",
        "httpClient",
        "pathService",
        "constructor",
        "register",
        "registerRequest",
        "post",
        "login",
        "loginRequest",
        "refreshToken",
        "refreshTokenRequest",
        "i0",
        "ɵɵinject",
        "i1",
        "HttpClient",
        "factory",
        "ɵfac",
        "providedIn"
      ],
      "sources": [
        "D:\\dev\\Openclassrooms\\ParcoursDevJavaAngular\\Projet6-Développez une application full-stack complète\\mdd\\front\\src\\app\\core\\services\\auth.service.ts"
      ],
      "sourcesContent": [
        "import { HttpClient } from '@angular/common/http';\r\nimport { Injectable } from '@angular/core';\r\nimport { Observable } from 'rxjs';\r\nimport { LoginRequest } from '../models/login-request.interface';\r\nimport { SessionInformation } from '../models/session-information.interface';\r\nimport { RegisterRequest } from '../models/register-request.interface';\r\nimport { RefreshTokenRequest } from '../models/refresh-token-request.interface';\r\nimport { RefreshTokenResponse } from '../models/refresh-token-response.interface';\r\n\r\n@Injectable({\r\n  providedIn: 'root'\r\n})\r\nexport class AuthService {\r\n\r\n  private pathService = 'api/auth';\r\n\r\n  constructor(private httpClient: HttpClient) { }\r\n\r\n  public register(registerRequest: RegisterRequest): Observable<null> {\r\n    return this.httpClient.post<null>(`${this.pathService}/register`, registerRequest);\r\n  }\r\n\r\n  public login(loginRequest: LoginRequest): Observable<SessionInformation> {\r\n    return this.httpClient.post<SessionInformation>(`${this.pathService}/login`, loginRequest);\r\n  }\r\n\r\n  public refreshToken(refreshTokenRequest: RefreshTokenRequest): Observable<RefreshTokenResponse> {\r\n    return this.httpClient.post<RefreshTokenResponse>(`${this.pathService}/refreshToken`, refreshTokenRequest);\r\n  }\r\n}\r\n"
      ],
      "mappings": ";;AAYA,WAAaA,WAAW;EAAlB,MAAOA,WAAW;IAIFC,UAAA;IAFZC,WAAW,GAAG,UAAU;IAEhCC,YAAoBF,UAAsB;MAAtB,KAAAA,UAAU,GAAVA,UAAU;IAAgB;IAEvCG,QAAQA,CAACC,eAAgC;MAC9C,OAAO,IAAI,CAACJ,UAAU,CAACK,IAAI,CAAO,GAAG,IAAI,CAACJ,WAAW,WAAW,EAAEG,eAAe,CAAC;IACpF;IAEOE,KAAKA,CAACC,YAA0B;MACrC,OAAO,IAAI,CAACP,UAAU,CAACK,IAAI,CAAqB,GAAG,IAAI,CAACJ,WAAW,QAAQ,EAAEM,YAAY,CAAC;IAC5F;IAEOC,YAAYA,CAACC,mBAAwC;MAC1D,OAAO,IAAI,CAACT,UAAU,CAACK,IAAI,CAAuB,GAAG,IAAI,CAACJ,WAAW,eAAe,EAAEQ,mBAAmB,CAAC;IAC5G;;uCAhBWV,WAAW,EAAAW,EAAA,CAAAC,QAAA,CAAAC,EAAA,CAAAC,UAAA;IAAA;;aAAXd,WAAW;MAAAe,OAAA,EAAXf,WAAW,CAAAgB,IAAA;MAAAC,UAAA,EAFV;IAAM;;SAEPjB,WAAW;AAAA",
      "ignoreList": []
    },
    "_coverageSchema": "1a1c01bbd47fc00a2c39e90264f33305004495a9",
    "hash": "b706e66db7b446065aa7d538d16b53d7faae43b0"
  },
  "D:\\dev\\Openclassrooms\\ParcoursDevJavaAngular\\Projet6-Développez une application full-stack complète\\mdd\\front\\src\\app\\core\\services\\token-storage.service.ts": {
    "path": "D:\\dev\\Openclassrooms\\ParcoursDevJavaAngular\\Projet6-Développez une application full-stack complète\\mdd\\front\\src\\app\\core\\services\\token-storage.service.ts",
    "statementMap": {
      "0": {
        "start": {
          "line": 2,
          "column": 18
        },
        "end": {
          "line": 2,
          "column": 30
        }
      },
      "1": {
        "start": {
          "line": 3,
          "column": 23
        },
        "end": {
          "line": 3,
          "column": 40
        }
      },
      "2": {
        "start": {
          "line": 4,
          "column": 26
        },
        "end": {
          "line": 4,
          "column": 41
        }
      },
      "3": {
        "start": {
          "line": 5,
          "column": 46
        },
        "end": {
          "line": 55,
          "column": 4
        }
      },
      "4": {
        "start": {
          "line": 9,
          "column": 6
        },
        "end": {
          "line": 9,
          "column": 52
        }
      },
      "5": {
        "start": {
          "line": 12,
          "column": 6
        },
        "end": {
          "line": 12,
          "column": 57
        }
      },
      "6": {
        "start": {
          "line": 15,
          "column": 6
        },
        "end": {
          "line": 15,
          "column": 60
        }
      },
      "7": {
        "start": {
          "line": 18,
          "column": 6
        },
        "end": {
          "line": 18,
          "column": 48
        }
      },
      "8": {
        "start": {
          "line": 19,
          "column": 6
        },
        "end": {
          "line": 19,
          "column": 52
        }
      },
      "9": {
        "start": {
          "line": 22,
          "column": 6
        },
        "end": {
          "line": 22,
          "column": 53
        }
      },
      "10": {
        "start": {
          "line": 23,
          "column": 6
        },
        "end": {
          "line": 23,
          "column": 61
        }
      },
      "11": {
        "start": {
          "line": 26,
          "column": 6
        },
        "end": {
          "line": 26,
          "column": 56
        }
      },
      "12": {
        "start": {
          "line": 27,
          "column": 6
        },
        "end": {
          "line": 27,
          "column": 67
        }
      },
      "13": {
        "start": {
          "line": 30,
          "column": 6
        },
        "end": {
          "line": 30,
          "column": 48
        }
      },
      "14": {
        "start": {
          "line": 31,
          "column": 6
        },
        "end": {
          "line": 31,
          "column": 53
        }
      },
      "15": {
        "start": {
          "line": 32,
          "column": 6
        },
        "end": {
          "line": 32,
          "column": 56
        }
      },
      "16": {
        "start": {
          "line": 35,
          "column": 6
        },
        "end": {
          "line": 35,
          "column": 33
        }
      },
      "17": {
        "start": {
          "line": 36,
          "column": 6
        },
        "end": {
          "line": 36,
          "column": 36
        }
      },
      "18": {
        "start": {
          "line": 37,
          "column": 6
        },
        "end": {
          "line": 37,
          "column": 47
        }
      },
      "19": {
        "start": {
          "line": 40,
          "column": 6
        },
        "end": {
          "line": 40,
          "column": 37
        }
      },
      "20": {
        "start": {
          "line": 41,
          "column": 6
        },
        "end": {
          "line": 41,
          "column": 33
        }
      },
      "21": {
        "start": {
          "line": 42,
          "column": 6
        },
        "end": {
          "line": 42,
          "column": 36
        }
      },
      "22": {
        "start": {
          "line": 43,
          "column": 6
        },
        "end": {
          "line": 43,
          "column": 47
        }
      },
      "23": {
        "start": {
          "line": 45,
          "column": 18
        },
        "end": {
          "line": 47,
          "column": 5
        }
      },
      "24": {
        "start": {
          "line": 46,
          "column": 6
        },
        "end": {
          "line": 46,
          "column": 62
        }
      },
      "25": {
        "start": {
          "line": 48,
          "column": 32
        },
        "end": {
          "line": 52,
          "column": 6
        }
      },
      "26": {
        "start": {
          "line": 54,
          "column": 2
        },
        "end": {
          "line": 54,
          "column": 29
        }
      }
    },
    "fnMap": {
      "0": {
        "name": "(anonymous_0)",
        "decl": {
          "start": {
            "line": 5,
            "column": 47
          },
          "end": {
            "line": 5,
            "column": 48
          }
        },
        "loc": {
          "start": {
            "line": 5,
            "column": 53
          },
          "end": {
            "line": 55,
            "column": 1
          }
        },
        "line": 5
      },
      "1": {
        "name": "(anonymous_1)",
        "decl": {
          "start": {
            "line": 7,
            "column": 4
          },
          "end": {
            "line": 7,
            "column": 5
          }
        },
        "loc": {
          "start": {
            "line": 7,
            "column": 18
          },
          "end": {
            "line": 7,
            "column": 20
          }
        },
        "line": 7
      },
      "2": {
        "name": "(anonymous_2)",
        "decl": {
          "start": {
            "line": 8,
            "column": 4
          },
          "end": {
            "line": 8,
            "column": 5
          }
        },
        "loc": {
          "start": {
            "line": 8,
            "column": 15
          },
          "end": {
            "line": 10,
            "column": 5
          }
        },
        "line": 8
      },
      "3": {
        "name": "(anonymous_3)",
        "decl": {
          "start": {
            "line": 11,
            "column": 4
          },
          "end": {
            "line": 11,
            "column": 5
          }
        },
        "loc": {
          "start": {
            "line": 11,
            "column": 19
          },
          "end": {
            "line": 13,
            "column": 5
          }
        },
        "line": 11
      },
      "4": {
        "name": "(anonymous_4)",
        "decl": {
          "start": {
            "line": 14,
            "column": 4
          },
          "end": {
            "line": 14,
            "column": 5
          }
        },
        "loc": {
          "start": {
            "line": 14,
            "column": 22
          },
          "end": {
            "line": 16,
            "column": 5
          }
        },
        "line": 14
      },
      "5": {
        "name": "(anonymous_5)",
        "decl": {
          "start": {
            "line": 17,
            "column": 4
          },
          "end": {
            "line": 17,
            "column": 5
          }
        },
        "loc": {
          "start": {
            "line": 17,
            "column": 21
          },
          "end": {
            "line": 20,
            "column": 5
          }
        },
        "line": 17
      },
      "6": {
        "name": "(anonymous_6)",
        "decl": {
          "start": {
            "line": 21,
            "column": 4
          },
          "end": {
            "line": 21,
            "column": 5
          }
        },
        "loc": {
          "start": {
            "line": 21,
            "column": 29
          },
          "end": {
            "line": 24,
            "column": 5
          }
        },
        "line": 21
      },
      "7": {
        "name": "(anonymous_7)",
        "decl": {
          "start": {
            "line": 25,
            "column": 4
          },
          "end": {
            "line": 25,
            "column": 5
          }
        },
        "loc": {
          "start": {
            "line": 25,
            "column": 35
          },
          "end": {
            "line": 28,
            "column": 5
          }
        },
        "line": 25
      },
      "8": {
        "name": "(anonymous_8)",
        "decl": {
          "start": {
            "line": 29,
            "column": 4
          },
          "end": {
            "line": 29,
            "column": 5
          }
        },
        "loc": {
          "start": {
            "line": 29,
            "column": 30
          },
          "end": {
            "line": 33,
            "column": 5
          }
        },
        "line": 29
      },
      "9": {
        "name": "(anonymous_9)",
        "decl": {
          "start": {
            "line": 34,
            "column": 4
          },
          "end": {
            "line": 34,
            "column": 5
          }
        },
        "loc": {
          "start": {
            "line": 34,
            "column": 33
          },
          "end": {
            "line": 38,
            "column": 5
          }
        },
        "line": 34
      },
      "10": {
        "name": "(anonymous_10)",
        "decl": {
          "start": {
            "line": 39,
            "column": 4
          },
          "end": {
            "line": 39,
            "column": 5
          }
        },
        "loc": {
          "start": {
            "line": 39,
            "column": 32
          },
          "end": {
            "line": 44,
            "column": 5
          }
        },
        "line": 39
      },
      "11": {
        "name": "TokenStorageService_Factory",
        "decl": {
          "start": {
            "line": 45,
            "column": 27
          },
          "end": {
            "line": 45,
            "column": 54
          }
        },
        "loc": {
          "start": {
            "line": 45,
            "column": 74
          },
          "end": {
            "line": 47,
            "column": 5
          }
        },
        "line": 45
      }
    },
    "branchMap": {
      "0": {
        "loc": {
          "start": {
            "line": 46,
            "column": 18
          },
          "end": {
            "line": 46,
            "column": 58
          }
        },
        "type": "binary-expr",
        "locations": [
          {
            "start": {
              "line": 46,
              "column": 18
            },
            "end": {
              "line": 46,
              "column": 35
            }
          },
          {
            "start": {
              "line": 46,
              "column": 39
            },
            "end": {
              "line": 46,
              "column": 58
            }
          }
        ],
        "line": 46
      }
    },
    "s": {
      "0": 81,
      "1": 81,
      "2": 81,
      "3": 81,
      "4": 377,
      "5": 296,
      "6": 0,
      "7": 46,
      "8": 46,
      "9": 46,
      "10": 46,
      "11": 46,
      "12": 46,
      "13": 2,
      "14": 2,
      "15": 2,
      "16": 46,
      "17": 46,
      "18": 46,
      "19": 0,
      "20": 0,
      "21": 0,
      "22": 0,
      "23": 81,
      "24": 81,
      "25": 81,
      "26": 81
    },
    "f": {
      "0": 81,
      "1": 81,
      "2": 377,
      "3": 296,
      "4": 0,
      "5": 46,
      "6": 46,
      "7": 46,
      "8": 2,
      "9": 46,
      "10": 0,
      "11": 81
    },
    "b": {
      "0": [
        81,
        81
      ]
    },
    "inputSourceMap": {
      "version": 3,
      "names": [
        "TOKEN_KEY",
        "TOKEN_TYPE_KEY",
        "REFRESH_TOKEN_KEY",
        "TokenStorageService",
        "constructor",
        "getToken",
        "window",
        "localStorage",
        "getItem",
        "getTokenType",
        "getRefreshToken",
        "saveToken",
        "token",
        "removeItem",
        "setItem",
        "saveTokenType",
        "tokenType",
        "saveRefreshToken",
        "refreshToken",
        "clearSessionInformation",
        "saveSessionInformation",
        "data",
        "type",
        "saveTokenAfterRefresh",
        "factory",
        "ɵfac",
        "providedIn"
      ],
      "sources": [
        "D:\\dev\\Openclassrooms\\ParcoursDevJavaAngular\\Projet6-Développez une application full-stack complète\\mdd\\front\\src\\app\\core\\services\\token-storage.service.ts"
      ],
      "sourcesContent": [
        "import { Injectable } from '@angular/core';\r\nimport { SessionInformation } from '../models/session-information.interface';\r\nimport { RefreshTokenResponse } from '../models/refresh-token-response.interface';\r\n\r\nconst TOKEN_KEY = 'auth-token';\r\nconst TOKEN_TYPE_KEY = 'auth-token-type';\r\nconst REFRESH_TOKEN_KEY = 'refresh-token';\r\n\r\n@Injectable({\r\n  providedIn: 'root'\r\n})\r\nexport class TokenStorageService {\r\n\r\n  constructor() { }\r\n\r\n  public getToken(): string | null {\r\n    return window.localStorage.getItem(TOKEN_KEY);\r\n  }\r\n\r\n  public getTokenType(): string | null {\r\n    return window.localStorage.getItem(TOKEN_TYPE_KEY);\r\n  }\r\n\r\n  public getRefreshToken(): string | null {\r\n    return window.localStorage.getItem(REFRESH_TOKEN_KEY);\r\n  }\r\n\r\n  public saveToken(token: string) :void {\r\n    window.localStorage.removeItem(TOKEN_KEY);\r\n    window.localStorage.setItem(TOKEN_KEY, token);\r\n  }\r\n\r\n  public saveTokenType(tokenType: string) :void {\r\n    window.localStorage.removeItem(TOKEN_TYPE_KEY);\r\n    window.localStorage.setItem(TOKEN_TYPE_KEY, tokenType);\r\n  }\r\n\r\n  public saveRefreshToken(refreshToken: string) :void {\r\n    window.localStorage.removeItem(REFRESH_TOKEN_KEY);\r\n    window.localStorage.setItem(REFRESH_TOKEN_KEY, refreshToken);\r\n  }\r\n\r\n  public clearSessionInformation() :void {\r\n    window.localStorage.removeItem(TOKEN_KEY);\r\n    window.localStorage.removeItem(TOKEN_TYPE_KEY);\r\n    window.localStorage.removeItem(REFRESH_TOKEN_KEY);\r\n  }\r\n\r\n  public saveSessionInformation(data : SessionInformation) :void {\r\n    this.saveToken(data.token);\r\n    this.saveTokenType(data.type);\r\n    this.saveRefreshToken(data.refreshToken);\r\n  }\r\n\r\n  public saveTokenAfterRefresh(data: RefreshTokenResponse): void {\r\n    this.clearSessionInformation();\r\n    this.saveToken(data.token);\r\n    this.saveTokenType(data.type);\r\n    this.saveRefreshToken(data.refreshToken);\r\n  }\r\n}"
      ],
      "mappings": ";AAIA,MAAMA,SAAS,GAAG,YAAY;AAC9B,MAAMC,cAAc,GAAG,iBAAiB;AACxC,MAAMC,iBAAiB,GAAG,eAAe;AAKzC,WAAaC,mBAAmB;EAA1B,MAAOA,mBAAmB;IAE9BC,YAAA,GAAgB;IAETC,QAAQA,CAAA;MACb,OAAOC,MAAM,CAACC,YAAY,CAACC,OAAO,CAACR,SAAS,CAAC;IAC/C;IAEOS,YAAYA,CAAA;MACjB,OAAOH,MAAM,CAACC,YAAY,CAACC,OAAO,CAACP,cAAc,CAAC;IACpD;IAEOS,eAAeA,CAAA;MACpB,OAAOJ,MAAM,CAACC,YAAY,CAACC,OAAO,CAACN,iBAAiB,CAAC;IACvD;IAEOS,SAASA,CAACC,KAAa;MAC5BN,MAAM,CAACC,YAAY,CAACM,UAAU,CAACb,SAAS,CAAC;MACzCM,MAAM,CAACC,YAAY,CAACO,OAAO,CAACd,SAAS,EAAEY,KAAK,CAAC;IAC/C;IAEOG,aAAaA,CAACC,SAAiB;MACpCV,MAAM,CAACC,YAAY,CAACM,UAAU,CAACZ,cAAc,CAAC;MAC9CK,MAAM,CAACC,YAAY,CAACO,OAAO,CAACb,cAAc,EAAEe,SAAS,CAAC;IACxD;IAEOC,gBAAgBA,CAACC,YAAoB;MAC1CZ,MAAM,CAACC,YAAY,CAACM,UAAU,CAACX,iBAAiB,CAAC;MACjDI,MAAM,CAACC,YAAY,CAACO,OAAO,CAACZ,iBAAiB,EAAEgB,YAAY,CAAC;IAC9D;IAEOC,uBAAuBA,CAAA;MAC5Bb,MAAM,CAACC,YAAY,CAACM,UAAU,CAACb,SAAS,CAAC;MACzCM,MAAM,CAACC,YAAY,CAACM,UAAU,CAACZ,cAAc,CAAC;MAC9CK,MAAM,CAACC,YAAY,CAACM,UAAU,CAACX,iBAAiB,CAAC;IACnD;IAEOkB,sBAAsBA,CAACC,IAAyB;MACrD,IAAI,CAACV,SAAS,CAACU,IAAI,CAACT,KAAK,CAAC;MAC1B,IAAI,CAACG,aAAa,CAACM,IAAI,CAACC,IAAI,CAAC;MAC7B,IAAI,CAACL,gBAAgB,CAACI,IAAI,CAACH,YAAY,CAAC;IAC1C;IAEOK,qBAAqBA,CAACF,IAA0B;MACrD,IAAI,CAACF,uBAAuB,EAAE;MAC9B,IAAI,CAACR,SAAS,CAACU,IAAI,CAACT,KAAK,CAAC;MAC1B,IAAI,CAACG,aAAa,CAACM,IAAI,CAACC,IAAI,CAAC;MAC7B,IAAI,CAACL,gBAAgB,CAACI,IAAI,CAACH,YAAY,CAAC;IAC1C;;uCAhDWf,mBAAmB;IAAA;;aAAnBA,mBAAmB;MAAAqB,OAAA,EAAnBrB,mBAAmB,CAAAsB,IAAA;MAAAC,UAAA,EAFlB;IAAM;;SAEPvB,mBAAmB;AAAA",
      "ignoreList": []
    },
    "_coverageSchema": "1a1c01bbd47fc00a2c39e90264f33305004495a9",
    "hash": "d38ae4047c28090d8daffaf4dc24bb484fd4f7f5"
  },
  "D:\\dev\\Openclassrooms\\ParcoursDevJavaAngular\\Projet6-Développez une application full-stack complète\\mdd\\front\\src\\environments\\environment.ts": {
    "path": "D:\\dev\\Openclassrooms\\ParcoursDevJavaAngular\\Projet6-Développez une application full-stack complète\\mdd\\front\\src\\environments\\environment.ts",
    "statementMap": {
      "0": {
        "start": {
          "line": 1,
          "column": 27
        },
        "end": {
          "line": 3,
          "column": 1
        }
      }
    },
    "fnMap": {},
    "branchMap": {},
    "s": {
      "0": 81
    },
    "f": {},
    "b": {},
    "inputSourceMap": {
      "version": 3,
      "names": [
        "environment",
        "serviceCacheMaxAgeMs"
      ],
      "sources": [
        "D:\\dev\\Openclassrooms\\ParcoursDevJavaAngular\\Projet6-Développez une application full-stack complète\\mdd\\front\\src\\environments\\environment.ts"
      ],
      "sourcesContent": [
        "export const environment = {\r\n    serviceCacheMaxAgeMs: 600000 // 10 minutes before posts reloading\r\n};\r\n"
      ],
      "mappings": "AAAA,OAAO,MAAMA,WAAW,GAAG;EACvBC,oBAAoB,EAAE,MAAM,CAAC;CAChC",
      "ignoreList": []
    },
    "_coverageSchema": "1a1c01bbd47fc00a2c39e90264f33305004495a9",
    "hash": "ab72d7102519234d6d5906c046be5246c090ba7a"
  },
  "D:\\dev\\Openclassrooms\\ParcoursDevJavaAngular\\Projet6-Développez une application full-stack complète\\mdd\\front\\src\\app\\core\\services\\current-user-subscription.service.ts": {
    "path": "D:\\dev\\Openclassrooms\\ParcoursDevJavaAngular\\Projet6-Développez une application full-stack complète\\mdd\\front\\src\\app\\core\\services\\current-user-subscription.service.ts",
    "statementMap": {
      "0": {
        "start": {
          "line": 5,
          "column": 57
        },
        "end": {
          "line": 72,
          "column": 4
        }
      },
      "1": {
        "start": {
          "line": 8,
          "column": 14
        },
        "end": {
          "line": 8,
          "column": 24
        }
      },
      "2": {
        "start": {
          "line": 9,
          "column": 21
        },
        "end": {
          "line": 9,
          "column": 25
        }
      },
      "3": {
        "start": {
          "line": 10,
          "column": 15
        },
        "end": {
          "line": 10,
          "column": 16
        }
      },
      "4": {
        "start": {
          "line": 11,
          "column": 18
        },
        "end": {
          "line": 11,
          "column": 23
        }
      },
      "5": {
        "start": {
          "line": 13,
          "column": 6
        },
        "end": {
          "line": 13,
          "column": 35
        }
      },
      "6": {
        "start": {
          "line": 16,
          "column": 6
        },
        "end": {
          "line": 18,
          "column": 7
        }
      },
      "7": {
        "start": {
          "line": 17,
          "column": 8
        },
        "end": {
          "line": 17,
          "column": 56
        }
      },
      "8": {
        "start": {
          "line": 19,
          "column": 6
        },
        "end": {
          "line": 19,
          "column": 33
        }
      },
      "9": {
        "start": {
          "line": 22,
          "column": 6
        },
        "end": {
          "line": 22,
          "column": 106
        }
      },
      "10": {
        "start": {
          "line": 25,
          "column": 6
        },
        "end": {
          "line": 39,
          "column": 10
        }
      },
      "11": {
        "start": {
          "line": 26,
          "column": 8
        },
        "end": {
          "line": 38,
          "column": 9
        }
      },
      "12": {
        "start": {
          "line": 28,
          "column": 10
        },
        "end": {
          "line": 28,
          "column": 35
        }
      },
      "13": {
        "start": {
          "line": 31,
          "column": 10
        },
        "end": {
          "line": 31,
          "column": 34
        }
      },
      "14": {
        "start": {
          "line": 32,
          "column": 10
        },
        "end": {
          "line": 37,
          "column": 14
        }
      },
      "15": {
        "start": {
          "line": 33,
          "column": 12
        },
        "end": {
          "line": 33,
          "column": 49
        }
      },
      "16": {
        "start": {
          "line": 34,
          "column": 12
        },
        "end": {
          "line": 34,
          "column": 37
        }
      },
      "17": {
        "start": {
          "line": 35,
          "column": 12
        },
        "end": {
          "line": 35,
          "column": 69
        }
      },
      "18": {
        "start": {
          "line": 36,
          "column": 12
        },
        "end": {
          "line": 36,
          "column": 44
        }
      },
      "19": {
        "start": {
          "line": 42,
          "column": 6
        },
        "end": {
          "line": 48,
          "column": 10
        }
      },
      "20": {
        "start": {
          "line": 44,
          "column": 8
        },
        "end": {
          "line": 46,
          "column": 9
        }
      },
      "21": {
        "start": {
          "line": 45,
          "column": 10
        },
        "end": {
          "line": 45,
          "column": 95
        }
      },
      "22": {
        "start": {
          "line": 47,
          "column": 8
        },
        "end": {
          "line": 47,
          "column": 17
        }
      },
      "23": {
        "start": {
          "line": 51,
          "column": 6
        },
        "end": {
          "line": 57,
          "column": 10
        }
      },
      "24": {
        "start": {
          "line": 53,
          "column": 8
        },
        "end": {
          "line": 55,
          "column": 9
        }
      },
      "25": {
        "start": {
          "line": 54,
          "column": 10
        },
        "end": {
          "line": 54,
          "column": 122
        }
      },
      "26": {
        "start": {
          "line": 54,
          "column": 98
        },
        "end": {
          "line": 54,
          "column": 119
        }
      },
      "27": {
        "start": {
          "line": 56,
          "column": 8
        },
        "end": {
          "line": 56,
          "column": 24
        }
      },
      "28": {
        "start": {
          "line": 60,
          "column": 6
        },
        "end": {
          "line": 60,
          "column": 33
        }
      },
      "29": {
        "start": {
          "line": 62,
          "column": 18
        },
        "end": {
          "line": 64,
          "column": 5
        }
      },
      "30": {
        "start": {
          "line": 63,
          "column": 6
        },
        "end": {
          "line": 63,
          "column": 99
        }
      },
      "31": {
        "start": {
          "line": 65,
          "column": 32
        },
        "end": {
          "line": 69,
          "column": 6
        }
      },
      "32": {
        "start": {
          "line": 71,
          "column": 2
        },
        "end": {
          "line": 71,
          "column": 40
        }
      }
    },
    "fnMap": {
      "0": {
        "name": "(anonymous_0)",
        "decl": {
          "start": {
            "line": 5,
            "column": 58
          },
          "end": {
            "line": 5,
            "column": 59
          }
        },
        "loc": {
          "start": {
            "line": 5,
            "column": 64
          },
          "end": {
            "line": 72,
            "column": 1
          }
        },
        "line": 5
      },
      "1": {
        "name": "(anonymous_1)",
        "decl": {
          "start": {
            "line": 12,
            "column": 4
          },
          "end": {
            "line": 12,
            "column": 5
          }
        },
        "loc": {
          "start": {
            "line": 12,
            "column": 28
          },
          "end": {
            "line": 14,
            "column": 5
          }
        },
        "line": 12
      },
      "2": {
        "name": "(anonymous_2)",
        "decl": {
          "start": {
            "line": 15,
            "column": 4
          },
          "end": {
            "line": 15,
            "column": 5
          }
        },
        "loc": {
          "start": {
            "line": 15,
            "column": 29
          },
          "end": {
            "line": 20,
            "column": 5
          }
        },
        "line": 15
      },
      "3": {
        "name": "(anonymous_3)",
        "decl": {
          "start": {
            "line": 21,
            "column": 4
          },
          "end": {
            "line": 21,
            "column": 5
          }
        },
        "loc": {
          "start": {
            "line": 21,
            "column": 19
          },
          "end": {
            "line": 23,
            "column": 5
          }
        },
        "line": 21
      },
      "4": {
        "name": "(anonymous_4)",
        "decl": {
          "start": {
            "line": 24,
            "column": 4
          },
          "end": {
            "line": 24,
            "column": 5
          }
        },
        "loc": {
          "start": {
            "line": 24,
            "column": 34
          },
          "end": {
            "line": 40,
            "column": 5
          }
        },
        "line": 24
      },
      "5": {
        "name": "(anonymous_5)",
        "decl": {
          "start": {
            "line": 25,
            "column": 58
          },
          "end": {
            "line": 25,
            "column": 59
          }
        },
        "loc": {
          "start": {
            "line": 25,
            "column": 75
          },
          "end": {
            "line": 39,
            "column": 7
          }
        },
        "line": 25
      },
      "6": {
        "name": "(anonymous_6)",
        "decl": {
          "start": {
            "line": 32,
            "column": 88
          },
          "end": {
            "line": 32,
            "column": 89
          }
        },
        "loc": {
          "start": {
            "line": 32,
            "column": 112
          },
          "end": {
            "line": 37,
            "column": 11
          }
        },
        "line": 32
      },
      "7": {
        "name": "(anonymous_7)",
        "decl": {
          "start": {
            "line": 41,
            "column": 4
          },
          "end": {
            "line": 41,
            "column": 5
          }
        },
        "loc": {
          "start": {
            "line": 41,
            "column": 23
          },
          "end": {
            "line": 49,
            "column": 5
          }
        },
        "line": 41
      },
      "8": {
        "name": "(anonymous_8)",
        "decl": {
          "start": {
            "line": 42,
            "column": 85
          },
          "end": {
            "line": 42,
            "column": 86
          }
        },
        "loc": {
          "start": {
            "line": 42,
            "column": 90
          },
          "end": {
            "line": 48,
            "column": 7
          }
        },
        "line": 42
      },
      "9": {
        "name": "(anonymous_9)",
        "decl": {
          "start": {
            "line": 50,
            "column": 4
          },
          "end": {
            "line": 50,
            "column": 5
          }
        },
        "loc": {
          "start": {
            "line": 50,
            "column": 25
          },
          "end": {
            "line": 58,
            "column": 5
          }
        },
        "line": 50
      },
      "10": {
        "name": "(anonymous_10)",
        "decl": {
          "start": {
            "line": 51,
            "column": 83
          },
          "end": {
            "line": 51,
            "column": 84
          }
        },
        "loc": {
          "start": {
            "line": 51,
            "column": 89
          },
          "end": {
            "line": 57,
            "column": 7
          }
        },
        "line": 51
      },
      "11": {
        "name": "(anonymous_11)",
        "decl": {
          "start": {
            "line": 54,
            "column": 93
          },
          "end": {
            "line": 54,
            "column": 94
          }
        },
        "loc": {
          "start": {
            "line": 54,
            "column": 98
          },
          "end": {
            "line": 54,
            "column": 119
          }
        },
        "line": 54
      },
      "12": {
        "name": "(anonymous_12)",
        "decl": {
          "start": {
            "line": 59,
            "column": 4
          },
          "end": {
            "line": 59,
            "column": 5
          }
        },
        "loc": {
          "start": {
            "line": 59,
            "column": 17
          },
          "end": {
            "line": 61,
            "column": 5
          }
        },
        "line": 59
      },
      "13": {
        "name": "CurrentUserSubscriptionService_Factory",
        "decl": {
          "start": {
            "line": 62,
            "column": 27
          },
          "end": {
            "line": 62,
            "column": 65
          }
        },
        "loc": {
          "start": {
            "line": 62,
            "column": 85
          },
          "end": {
            "line": 64,
            "column": 5
          }
        },
        "line": 62
      }
    },
    "branchMap": {
      "0": {
        "loc": {
          "start": {
            "line": 16,
            "column": 6
          },
          "end": {
            "line": 18,
            "column": 7
          }
        },
        "type": "if",
        "locations": [
          {
            "start": {
              "line": 16,
              "column": 6
            },
            "end": {
              "line": 18,
              "column": 7
            }
          },
          {
            "start": {
              "line": 16,
              "column": 6
            },
            "end": {
              "line": 18,
              "column": 7
            }
          }
        ],
        "line": 16
      },
      "1": {
        "loc": {
          "start": {
            "line": 22,
            "column": 13
          },
          "end": {
            "line": 22,
            "column": 105
          }
        },
        "type": "binary-expr",
        "locations": [
          {
            "start": {
              "line": 22,
              "column": 13
            },
            "end": {
              "line": 22,
              "column": 30
            }
          },
          {
            "start": {
              "line": 22,
              "column": 34
            },
            "end": {
              "line": 22,
              "column": 105
            }
          }
        ],
        "line": 22
      },
      "2": {
        "loc": {
          "start": {
            "line": 26,
            "column": 8
          },
          "end": {
            "line": 38,
            "column": 9
          }
        },
        "type": "if",
        "locations": [
          {
            "start": {
              "line": 26,
              "column": 8
            },
            "end": {
              "line": 38,
              "column": 9
            }
          },
          {
            "start": {
              "line": 26,
              "column": 8
            },
            "end": {
              "line": 38,
              "column": 9
            }
          }
        ],
        "line": 26
      },
      "3": {
        "loc": {
          "start": {
            "line": 26,
            "column": 12
          },
          "end": {
            "line": 26,
            "column": 49
          }
        },
        "type": "binary-expr",
        "locations": [
          {
            "start": {
              "line": 26,
              "column": 12
            },
            "end": {
              "line": 26,
              "column": 25
            }
          },
          {
            "start": {
              "line": 26,
              "column": 29
            },
            "end": {
              "line": 26,
              "column": 49
            }
          }
        ],
        "line": 26
      },
      "4": {
        "loc": {
          "start": {
            "line": 44,
            "column": 8
          },
          "end": {
            "line": 46,
            "column": 9
          }
        },
        "type": "if",
        "locations": [
          {
            "start": {
              "line": 44,
              "column": 8
            },
            "end": {
              "line": 46,
              "column": 9
            }
          },
          {
            "start": {
              "line": 44,
              "column": 8
            },
            "end": {
              "line": 46,
              "column": 9
            }
          }
        ],
        "line": 44
      },
      "5": {
        "loc": {
          "start": {
            "line": 53,
            "column": 8
          },
          "end": {
            "line": 55,
            "column": 9
          }
        },
        "type": "if",
        "locations": [
          {
            "start": {
              "line": 53,
              "column": 8
            },
            "end": {
              "line": 55,
              "column": 9
            }
          },
          {
            "start": {
              "line": 53,
              "column": 8
            },
            "end": {
              "line": 55,
              "column": 9
            }
          }
        ],
        "line": 53
      },
      "6": {
        "loc": {
          "start": {
            "line": 63,
            "column": 18
          },
          "end": {
            "line": 63,
            "column": 69
          }
        },
        "type": "binary-expr",
        "locations": [
          {
            "start": {
              "line": 63,
              "column": 18
            },
            "end": {
              "line": 63,
              "column": 35
            }
          },
          {
            "start": {
              "line": 63,
              "column": 39
            },
            "end": {
              "line": 63,
              "column": 69
            }
          }
        ],
        "line": 63
      }
    },
    "s": {
      "0": 81,
      "1": 81,
      "2": 81,
      "3": 81,
      "4": 81,
      "5": 81,
      "6": 141,
      "7": 57,
      "8": 141,
      "9": 75,
      "10": 70,
      "11": 132,
      "12": 75,
      "13": 57,
      "14": 57,
      "15": 44,
      "16": 44,
      "17": 44,
      "18": 44,
      "19": 4,
      "20": 4,
      "21": 4,
      "22": 4,
      "23": 5,
      "24": 5,
      "25": 5,
      "26": 10,
      "27": 5,
      "28": 2,
      "29": 81,
      "30": 81,
      "31": 81,
      "32": 81
    },
    "f": {
      "0": 81,
      "1": 81,
      "2": 141,
      "3": 75,
      "4": 70,
      "5": 132,
      "6": 44,
      "7": 4,
      "8": 4,
      "9": 5,
      "10": 5,
      "11": 10,
      "12": 2,
      "13": 81
    },
    "b": {
      "0": [
        57,
        84
      ],
      "1": [
        75,
        75
      ],
      "2": [
        75,
        57
      ],
      "3": [
        132,
        75
      ],
      "4": [
        4,
        0
      ],
      "5": [
        5,
        0
      ],
      "6": [
        81,
        81
      ]
    },
    "inputSourceMap": {
      "version": 3,
      "names": [
        "environment",
        "BehaviorSubject",
        "map",
        "of",
        "switchMap",
        "CurrentUserSubscriptionService",
        "httpClient",
        "apiPath",
        "subscriptions$",
        "cachedAt",
        "isReloading",
        "constructor",
        "getSubscriptionSubject",
        "shouldReload",
        "Date",
        "getTime",
        "serviceCacheMaxAgeMs",
        "getCurrentUserSubscriptions",
        "pipe",
        "subscriptions",
        "get",
        "fetchedSubscriptions",
        "next",
        "subscribe",
        "topicId",
        "post",
        "t",
        "getValue",
        "unSubscribe",
        "delete",
        "filter",
        "s",
        "topic",
        "id",
        "clearCache",
        "i0",
        "ɵɵinject",
        "i1",
        "HttpClient",
        "factory",
        "ɵfac",
        "providedIn"
      ],
      "sources": [
        "D:\\dev\\Openclassrooms\\ParcoursDevJavaAngular\\Projet6-Développez une application full-stack complète\\mdd\\front\\src\\app\\core\\services\\current-user-subscription.service.ts"
      ],
      "sourcesContent": [
        "import { environment } from '../../../environments/environment';\r\nimport { HttpClient } from '@angular/common/http';\r\nimport { Injectable } from '@angular/core';\r\nimport { BehaviorSubject, map, Observable, of, shareReplay, switchMap } from 'rxjs';\r\nimport { User } from '../models/user.interface';\r\nimport { Subscription } from '../models/subscription.interface';\r\nimport { UpdateUserRequest } from '../models/update-user-request';\r\n\r\n@Injectable({\r\n  providedIn: 'root'\r\n})\r\nexport class CurrentUserSubscriptionService {\r\n\r\n  private apiPath = 'api/user';\r\n\r\n  private subscriptions$: BehaviorSubject<Subscription[] |null> | null = null;\r\n  private cachedAt: number = 0;\r\n  private isReloading: boolean = false;\r\n  \r\n  constructor(private httpClient: HttpClient) { }\r\n\r\n  private getSubscriptionSubject() : BehaviorSubject<Subscription[] | null> {\r\n    if(this.subscriptions$ === null) {\r\n      this.subscriptions$ = new BehaviorSubject<Subscription[] | null>(null);\r\n    }\r\n    return this.subscriptions$;\r\n  }\r\n\r\n  public shouldReload(): boolean {\r\n    return !this.isReloading && new Date().getTime() - this.cachedAt > environment.serviceCacheMaxAgeMs;\r\n  }\r\n  \r\n  public getCurrentUserSubscriptions() : Observable<Subscription[]>{\r\n    return this.getSubscriptionSubject().pipe(\r\n      switchMap((subscriptions: Subscription[] | null) => {\r\n        if (subscriptions && !this.shouldReload()) {\r\n          // send current subscriptions if already present\r\n          return of(subscriptions);\r\n        } else {\r\n          // load from backend otherwise\r\n          this.isReloading = true;\r\n          return this.httpClient.get<Subscription[]>(`${this.apiPath}/me/subscriptions`).pipe(\r\n            switchMap((fetchedSubscriptions: Subscription[]) => {\r\n              this.cachedAt = new Date().getTime();\r\n              this.isReloading = false;\r\n              this.getSubscriptionSubject().next(fetchedSubscriptions); // update BehaviorSubject\r\n              return of(fetchedSubscriptions);\r\n            })\r\n          );\r\n        }\r\n      })\r\n    );\r\n  }\r\n\r\n  subscribe(topicId: number): Observable<Subscription> {\r\n    return this.httpClient.post<Subscription>(`api/topics/${topicId}/subscription`, '').pipe(\r\n      map((t: Subscription) => {\r\n        // do not populate local cache when it was empty because next subscriptions retrieval must make an API request\r\n        if(this.getSubscriptionSubject().getValue() != null) {\r\n          this.getSubscriptionSubject().next([...this.getSubscriptionSubject().getValue() as Subscription[], t]);\r\n        }\r\n        return t;\r\n      }),\r\n    );\r\n  }\r\n\r\n  unSubscribe(topicId: number): Observable<any> {\r\n    return this.httpClient.delete<void>(`api/topics/${topicId}/subscription`).pipe(\r\n      map(() => {\r\n        // do not populate local cache when it was empty because next subscriptions retrieval must make an API request\r\n        if(this.getSubscriptionSubject().getValue() != null) {\r\n          this.getSubscriptionSubject().next(this.getSubscriptionSubject().getValue()!.filter(s => s.topic.id != topicId));\r\n        }\r\n        return of(null);\r\n      }),\r\n    );\r\n  }\r\n\r\n  public clearCache(): void {\r\n    this.subscriptions$ = null;\r\n  }\r\n}\r\n"
      ],
      "mappings": "AAAA,SAASA,WAAW,QAAQ,mCAAmC;AAG/D,SAASC,eAAe,EAAEC,GAAG,EAAcC,EAAE,EAAeC,SAAS,QAAQ,MAAM;;;AAQnF,WAAaC,8BAA8B;EAArC,MAAOA,8BAA8B;IAQrBC,UAAA;IANZC,OAAO,GAAG,UAAU;IAEpBC,cAAc,GAAiD,IAAI;IACnEC,QAAQ,GAAW,CAAC;IACpBC,WAAW,GAAY,KAAK;IAEpCC,YAAoBL,UAAsB;MAAtB,KAAAA,UAAU,GAAVA,UAAU;IAAgB;IAEtCM,sBAAsBA,CAAA;MAC5B,IAAG,IAAI,CAACJ,cAAc,KAAK,IAAI,EAAE;QAC/B,IAAI,CAACA,cAAc,GAAG,IAAIP,eAAe,CAAwB,IAAI,CAAC;MACxE;MACA,OAAO,IAAI,CAACO,cAAc;IAC5B;IAEOK,YAAYA,CAAA;MACjB,OAAO,CAAC,IAAI,CAACH,WAAW,IAAI,IAAII,IAAI,EAAE,CAACC,OAAO,EAAE,GAAG,IAAI,CAACN,QAAQ,GAAGT,WAAW,CAACgB,oBAAoB;IACrG;IAEOC,2BAA2BA,CAAA;MAChC,OAAO,IAAI,CAACL,sBAAsB,EAAE,CAACM,IAAI,CACvCd,SAAS,CAAEe,aAAoC,IAAI;QACjD,IAAIA,aAAa,IAAI,CAAC,IAAI,CAACN,YAAY,EAAE,EAAE;UACzC;UACA,OAAOV,EAAE,CAACgB,aAAa,CAAC;QAC1B,CAAC,MAAM;UACL;UACA,IAAI,CAACT,WAAW,GAAG,IAAI;UACvB,OAAO,IAAI,CAACJ,UAAU,CAACc,GAAG,CAAiB,GAAG,IAAI,CAACb,OAAO,mBAAmB,CAAC,CAACW,IAAI,CACjFd,SAAS,CAAEiB,oBAAoC,IAAI;YACjD,IAAI,CAACZ,QAAQ,GAAG,IAAIK,IAAI,EAAE,CAACC,OAAO,EAAE;YACpC,IAAI,CAACL,WAAW,GAAG,KAAK;YACxB,IAAI,CAACE,sBAAsB,EAAE,CAACU,IAAI,CAACD,oBAAoB,CAAC,CAAC,CAAC;YAC1D,OAAOlB,EAAE,CAACkB,oBAAoB,CAAC;UACjC,CAAC,CAAC,CACH;QACH;MACF,CAAC,CAAC,CACH;IACH;IAEAE,SAASA,CAACC,OAAe;MACvB,OAAO,IAAI,CAAClB,UAAU,CAACmB,IAAI,CAAe,cAAcD,OAAO,eAAe,EAAE,EAAE,CAAC,CAACN,IAAI,CACtFhB,GAAG,CAAEwB,CAAe,IAAI;QACtB;QACA,IAAG,IAAI,CAACd,sBAAsB,EAAE,CAACe,QAAQ,EAAE,IAAI,IAAI,EAAE;UACnD,IAAI,CAACf,sBAAsB,EAAE,CAACU,IAAI,CAAC,CAAC,GAAG,IAAI,CAACV,sBAAsB,EAAE,CAACe,QAAQ,EAAoB,EAAED,CAAC,CAAC,CAAC;QACxG;QACA,OAAOA,CAAC;MACV,CAAC,CAAC,CACH;IACH;IAEAE,WAAWA,CAACJ,OAAe;MACzB,OAAO,IAAI,CAAClB,UAAU,CAACuB,MAAM,CAAO,cAAcL,OAAO,eAAe,CAAC,CAACN,IAAI,CAC5EhB,GAAG,CAAC,MAAK;QACP;QACA,IAAG,IAAI,CAACU,sBAAsB,EAAE,CAACe,QAAQ,EAAE,IAAI,IAAI,EAAE;UACnD,IAAI,CAACf,sBAAsB,EAAE,CAACU,IAAI,CAAC,IAAI,CAACV,sBAAsB,EAAE,CAACe,QAAQ,EAAG,CAACG,MAAM,CAACC,CAAC,IAAIA,CAAC,CAACC,KAAK,CAACC,EAAE,IAAIT,OAAO,CAAC,CAAC;QAClH;QACA,OAAOrB,EAAE,CAAC,IAAI,CAAC;MACjB,CAAC,CAAC,CACH;IACH;IAEO+B,UAAUA,CAAA;MACf,IAAI,CAAC1B,cAAc,GAAG,IAAI;IAC5B;;uCArEWH,8BAA8B,EAAA8B,EAAA,CAAAC,QAAA,CAAAC,EAAA,CAAAC,UAAA;IAAA;;aAA9BjC,8BAA8B;MAAAkC,OAAA,EAA9BlC,8BAA8B,CAAAmC,IAAA;MAAAC,UAAA,EAF7B;IAAM;;SAEPpC,8BAA8B;AAAA",
      "ignoreList": []
    },
    "_coverageSchema": "1a1c01bbd47fc00a2c39e90264f33305004495a9",
    "hash": "98bcfec7de8f503871bcf7a642ece4d959bcbe67"
  },
  "D:\\dev\\Openclassrooms\\ParcoursDevJavaAngular\\Projet6-Développez une application full-stack complète\\mdd\\front\\src\\app\\core\\services\\post.service.ts": {
    "path": "D:\\dev\\Openclassrooms\\ParcoursDevJavaAngular\\Projet6-Développez une application full-stack complète\\mdd\\front\\src\\app\\core\\services\\post.service.ts",
    "statementMap": {
      "0": {
        "start": {
          "line": 6,
          "column": 38
        },
        "end": {
          "line": 114,
          "column": 4
        }
      },
      "1": {
        "start": {
          "line": 10,
          "column": 14
        },
        "end": {
          "line": 10,
          "column": 25
        }
      },
      "2": {
        "start": {
          "line": 11,
          "column": 13
        },
        "end": {
          "line": 11,
          "column": 17
        }
      },
      "3": {
        "start": {
          "line": 12,
          "column": 25
        },
        "end": {
          "line": 12,
          "column": 29
        }
      },
      "4": {
        "start": {
          "line": 13,
          "column": 15
        },
        "end": {
          "line": 13,
          "column": 16
        }
      },
      "5": {
        "start": {
          "line": 14,
          "column": 18
        },
        "end": {
          "line": 14,
          "column": 23
        }
      },
      "6": {
        "start": {
          "line": 16,
          "column": 6
        },
        "end": {
          "line": 16,
          "column": 35
        }
      },
      "7": {
        "start": {
          "line": 17,
          "column": 6
        },
        "end": {
          "line": 17,
          "column": 53
        }
      },
      "8": {
        "start": {
          "line": 21,
          "column": 6
        },
        "end": {
          "line": 28,
          "column": 7
        }
      },
      "9": {
        "start": {
          "line": 22,
          "column": 8
        },
        "end": {
          "line": 26,
          "column": 12
        }
      },
      "10": {
        "start": {
          "line": 23,
          "column": 10
        },
        "end": {
          "line": 25,
          "column": 11
        }
      },
      "11": {
        "start": {
          "line": 24,
          "column": 12
        },
        "end": {
          "line": 24,
          "column": 30
        }
      },
      "12": {
        "start": {
          "line": 27,
          "column": 8
        },
        "end": {
          "line": 27,
          "column": 44
        }
      },
      "13": {
        "start": {
          "line": 29,
          "column": 6
        },
        "end": {
          "line": 31,
          "column": 7
        }
      },
      "14": {
        "start": {
          "line": 30,
          "column": 8
        },
        "end": {
          "line": 30,
          "column": 48
        }
      },
      "15": {
        "start": {
          "line": 32,
          "column": 6
        },
        "end": {
          "line": 32,
          "column": 25
        }
      },
      "16": {
        "start": {
          "line": 35,
          "column": 6
        },
        "end": {
          "line": 35,
          "column": 25
        }
      },
      "17": {
        "start": {
          "line": 44,
          "column": 6
        },
        "end": {
          "line": 46,
          "column": 7
        }
      },
      "18": {
        "start": {
          "line": 45,
          "column": 8
        },
        "end": {
          "line": 45,
          "column": 21
        }
      },
      "19": {
        "start": {
          "line": 47,
          "column": 24
        },
        "end": {
          "line": 47,
          "column": 29
        }
      },
      "20": {
        "start": {
          "line": 49,
          "column": 6
        },
        "end": {
          "line": 67,
          "column": 9
        }
      },
      "21": {
        "start": {
          "line": 51,
          "column": 22
        },
        "end": {
          "line": 51,
          "column": 23
        }
      },
      "22": {
        "start": {
          "line": 52,
          "column": 8
        },
        "end": {
          "line": 57,
          "column": 9
        }
      },
      "23": {
        "start": {
          "line": 53,
          "column": 10
        },
        "end": {
          "line": 53,
          "column": 75
        }
      },
      "24": {
        "start": {
          "line": 54,
          "column": 10
        },
        "end": {
          "line": 56,
          "column": 11
        }
      },
      "25": {
        "start": {
          "line": 55,
          "column": 12
        },
        "end": {
          "line": 55,
          "column": 78
        }
      },
      "26": {
        "start": {
          "line": 61,
          "column": 8
        },
        "end": {
          "line": 61,
          "column": 59
        }
      },
      "27": {
        "start": {
          "line": 62,
          "column": 8
        },
        "end": {
          "line": 64,
          "column": 9
        }
      },
      "28": {
        "start": {
          "line": 63,
          "column": 10
        },
        "end": {
          "line": 63,
          "column": 70
        }
      },
      "29": {
        "start": {
          "line": 66,
          "column": 8
        },
        "end": {
          "line": 66,
          "column": 40
        }
      },
      "30": {
        "start": {
          "line": 70,
          "column": 6
        },
        "end": {
          "line": 70,
          "column": 106
        }
      },
      "31": {
        "start": {
          "line": 78,
          "column": 6
        },
        "end": {
          "line": 91,
          "column": 10
        }
      },
      "32": {
        "start": {
          "line": 79,
          "column": 8
        },
        "end": {
          "line": 90,
          "column": 9
        }
      },
      "33": {
        "start": {
          "line": 81,
          "column": 10
        },
        "end": {
          "line": 81,
          "column": 53
        }
      },
      "34": {
        "start": {
          "line": 83,
          "column": 10
        },
        "end": {
          "line": 83,
          "column": 34
        }
      },
      "35": {
        "start": {
          "line": 84,
          "column": 10
        },
        "end": {
          "line": 89,
          "column": 14
        }
      },
      "36": {
        "start": {
          "line": 85,
          "column": 12
        },
        "end": {
          "line": 85,
          "column": 49
        }
      },
      "37": {
        "start": {
          "line": 86,
          "column": 12
        },
        "end": {
          "line": 86,
          "column": 37
        }
      },
      "38": {
        "start": {
          "line": 87,
          "column": 12
        },
        "end": {
          "line": 87,
          "column": 54
        }
      },
      "39": {
        "start": {
          "line": 88,
          "column": 12
        },
        "end": {
          "line": 88,
          "column": 36
        }
      },
      "40": {
        "start": {
          "line": 94,
          "column": 6
        },
        "end": {
          "line": 94,
          "column": 62
        }
      },
      "41": {
        "start": {
          "line": 97,
          "column": 6
        },
        "end": {
          "line": 102,
          "column": 10
        }
      },
      "42": {
        "start": {
          "line": 98,
          "column": 8
        },
        "end": {
          "line": 100,
          "column": 9
        }
      },
      "43": {
        "start": {
          "line": 99,
          "column": 10
        },
        "end": {
          "line": 99,
          "column": 81
        }
      },
      "44": {
        "start": {
          "line": 101,
          "column": 8
        },
        "end": {
          "line": 101,
          "column": 17
        }
      },
      "45": {
        "start": {
          "line": 104,
          "column": 18
        },
        "end": {
          "line": 106,
          "column": 5
        }
      },
      "46": {
        "start": {
          "line": 105,
          "column": 6
        },
        "end": {
          "line": 105,
          "column": 128
        }
      },
      "47": {
        "start": {
          "line": 107,
          "column": 32
        },
        "end": {
          "line": 111,
          "column": 6
        }
      },
      "48": {
        "start": {
          "line": 113,
          "column": 2
        },
        "end": {
          "line": 113,
          "column": 21
        }
      }
    },
    "fnMap": {
      "0": {
        "name": "(anonymous_0)",
        "decl": {
          "start": {
            "line": 6,
            "column": 39
          },
          "end": {
            "line": 6,
            "column": 40
          }
        },
        "loc": {
          "start": {
            "line": 6,
            "column": 45
          },
          "end": {
            "line": 114,
            "column": 1
          }
        },
        "line": 6
      },
      "1": {
        "name": "(anonymous_1)",
        "decl": {
          "start": {
            "line": 15,
            "column": 4
          },
          "end": {
            "line": 15,
            "column": 5
          }
        },
        "loc": {
          "start": {
            "line": 15,
            "column": 49
          },
          "end": {
            "line": 18,
            "column": 5
          }
        },
        "line": 15
      },
      "2": {
        "name": "(anonymous_2)",
        "decl": {
          "start": {
            "line": 19,
            "column": 4
          },
          "end": {
            "line": 19,
            "column": 5
          }
        },
        "loc": {
          "start": {
            "line": 19,
            "column": 22
          },
          "end": {
            "line": 33,
            "column": 5
          }
        },
        "line": 19
      },
      "3": {
        "name": "(anonymous_3)",
        "decl": {
          "start": {
            "line": 22,
            "column": 98
          },
          "end": {
            "line": 22,
            "column": 99
          }
        },
        "loc": {
          "start": {
            "line": 22,
            "column": 103
          },
          "end": {
            "line": 26,
            "column": 9
          }
        },
        "line": 22
      },
      "4": {
        "name": "(anonymous_4)",
        "decl": {
          "start": {
            "line": 34,
            "column": 4
          },
          "end": {
            "line": 34,
            "column": 5
          }
        },
        "loc": {
          "start": {
            "line": 34,
            "column": 17
          },
          "end": {
            "line": 36,
            "column": 5
          }
        },
        "line": 34
      },
      "5": {
        "name": "(anonymous_5)",
        "decl": {
          "start": {
            "line": 43,
            "column": 4
          },
          "end": {
            "line": 43,
            "column": 5
          }
        },
        "loc": {
          "start": {
            "line": 43,
            "column": 31
          },
          "end": {
            "line": 68,
            "column": 5
          }
        },
        "line": 43
      },
      "6": {
        "name": "(anonymous_6)",
        "decl": {
          "start": {
            "line": 49,
            "column": 30
          },
          "end": {
            "line": 49,
            "column": 31
          }
        },
        "loc": {
          "start": {
            "line": 49,
            "column": 40
          },
          "end": {
            "line": 67,
            "column": 7
          }
        },
        "line": 49
      },
      "7": {
        "name": "(anonymous_7)",
        "decl": {
          "start": {
            "line": 69,
            "column": 4
          },
          "end": {
            "line": 69,
            "column": 5
          }
        },
        "loc": {
          "start": {
            "line": 69,
            "column": 19
          },
          "end": {
            "line": 71,
            "column": 5
          }
        },
        "line": 69
      },
      "8": {
        "name": "(anonymous_8)",
        "decl": {
          "start": {
            "line": 76,
            "column": 4
          },
          "end": {
            "line": 76,
            "column": 5
          }
        },
        "loc": {
          "start": {
            "line": 76,
            "column": 26
          },
          "end": {
            "line": 92,
            "column": 5
          }
        },
        "line": 76
      },
      "9": {
        "name": "(anonymous_9)",
        "decl": {
          "start": {
            "line": 78,
            "column": 51
          },
          "end": {
            "line": 78,
[...]
            },
            "end": {
              "line": 59,
              "column": 9
            }
          }
        ],
        "line": 50
      },
      "3": {
        "loc": {
          "start": {
            "line": 60,
            "column": 8
          },
          "end": {
            "line": 63,
            "column": 9
          }
        },
        "type": "if",
        "locations": [
          {
            "start": {
              "line": 60,
              "column": 8
            },
            "end": {
              "line": 63,
              "column": 9
            }
          },
          {
            "start": {
              "line": 60,
              "column": 8
            },
            "end": {
              "line": 63,
              "column": 9
            }
          }
        ],
        "line": 60
      },
      "4": {
        "loc": {
          "start": {
            "line": 62,
            "column": 27
          },
          "end": {
            "line": 62,
            "column": 52
          }
        },
        "type": "cond-expr",
        "locations": [
          {
            "start": {
              "line": 62,
              "column": 46
            },
            "end": {
              "line": 62,
              "column": 47
            }
          },
          {
            "start": {
              "line": 62,
              "column": 50
            },
            "end": {
              "line": 62,
              "column": 52
            }
          }
        ],
        "line": 62
      }
    },
    "s": {
      "0": 2235,
      "1": 85,
      "2": 81,
      "3": 81,
      "4": 81,
      "5": 81,
      "6": 81,
      "7": 81,
      "8": 81,
      "9": 1956,
      "10": 171,
      "11": 0,
      "12": 81,
      "13": 81,
      "14": 81,
      "15": 2251,
      "16": 81,
      "17": 81,
      "18": 81,
      "19": 81,
      "20": 81,
      "21": 81,
      "22": 81,
      "23": 81,
      "24": 2251,
      "25": 2170,
      "26": 2170,
      "27": 81
    },
    "f": {
      "0": 2235,
      "1": 81,
      "2": 81,
      "3": 81,
      "4": 1956,
      "5": 171,
      "6": 0,
      "7": 81,
      "8": 2251
    },
    "b": {
      "0": [
        85,
        2150
      ],
      "1": [
        81,
        81
      ],
      "2": [
        81,
        2170
      ],
      "3": [
        2170,
        81
      ],
      "4": [
        2150,
        20
      ]
    },
    "inputSourceMap": {
      "version": 3,
      "names": [
        "NavigationEnd",
        "RouterOutlet",
        "MenuComponent",
        "NotificationComponent",
        "BackButtonComponent",
        "filter",
        "Subject",
        "takeUntil",
        "i0",
        "ɵɵelement",
        "AppComponent",
        "router",
        "showMainMenu",
        "destroy$",
        "title",
        "constructor",
        "iconRegistry",
        "sanitizer",
        "addSvgIcon",
        "bypassSecurityTrustResourceUrl",
        "ngOnInit",
        "events",
        "pipe",
        "event",
        "subscribe",
        "url",
        "match",
        "ngOnDestroy",
        "next",
        "ɵɵdirectiveInject",
        "i1",
        "Router",
        "i2",
        "MatIconRegistry",
        "i3",
        "DomSanitizer",
        "selectors",
        "standalone",
        "features",
        "ɵɵStandaloneFeature",
        "decls",
        "vars",
        "consts",
        "template",
        "AppComponent_Template",
        "rf",
        "ctx",
        "ɵɵelementStart",
        "ɵɵtemplate",
        "AppComponent_Conditional_1_Template",
        "ɵɵelementEnd",
        "ɵɵadvance",
        "ɵɵconditional"
      ],
      "sources": [
        "D:\\dev\\Openclassrooms\\ParcoursDevJavaAngular\\Projet6-Développez une application full-stack complète\\mdd\\front\\src\\app\\app.component.ts",
        "D:\\dev\\Openclassrooms\\ParcoursDevJavaAngular\\Projet6-Développez une application full-stack complète\\mdd\\front\\src\\app\\app.component.html"
      ],
      "sourcesContent": [
        "import { Component, CUSTOM_ELEMENTS_SCHEMA, OnDestroy, OnInit  } from '@angular/core';\r\nimport { NavigationEnd, Router, RouterOutlet } from '@angular/router';\r\nimport { MenuComponent } from './layout/menu/menu.component';\r\nimport { NotificationComponent } from \"./layout/notification/notification.component\";\r\nimport { BackButtonComponent } from \"./layout/back-button/back-button.component\";\r\nimport { MatIconRegistry } from '@angular/material/icon';\r\nimport { DomSanitizer } from '@angular/platform-browser';\r\nimport { filter, Subject, takeUntil } from 'rxjs';\r\n\r\n@Component({\r\n  selector: 'app-root',\r\n  standalone: true,\r\n  imports: [RouterOutlet, MenuComponent, NotificationComponent, BackButtonComponent],\r\n  templateUrl: './app.component.html',\r\n  styleUrl: './app.component.scss'\r\n})\r\nexport class AppComponent implements OnInit, OnDestroy {\r\n  public showMainMenu: boolean = true;\r\n\r\n  private destroy$: Subject<boolean> = new Subject<boolean>();\r\n\r\n  title = 'MDD';\r\n\r\n  constructor(private router: Router, iconRegistry: MatIconRegistry, sanitizer: DomSanitizer) {\r\n    // register custom svg icons used for this app\r\n    iconRegistry.addSvgIcon(\r\n      'user',\r\n      sanitizer.bypassSecurityTrustResourceUrl('assets/icons/user_icon.svg')\r\n    ).addSvgIcon(\r\n      'arrow-left',\r\n      sanitizer.bypassSecurityTrustResourceUrl('assets/icons/arrow_left_icon.svg')\r\n    ).addSvgIcon(\r\n      'arrow-down',\r\n      sanitizer.bypassSecurityTrustResourceUrl('assets/icons/arrow_down_icon.svg')\r\n    ).addSvgIcon(\r\n      'arrow-up',\r\n      sanitizer.bypassSecurityTrustResourceUrl('assets/icons/arrow_up_icon.svg')\r\n    ).addSvgIcon(\r\n      'date',\r\n      sanitizer.bypassSecurityTrustResourceUrl('assets/icons/date_icon.svg')\r\n    ).addSvgIcon(\r\n      'send',\r\n      sanitizer.bypassSecurityTrustResourceUrl('assets/icons/send_icon.svg')\r\n    )\r\n    .addSvgIcon(\r\n      'hamburger',\r\n      sanitizer.bypassSecurityTrustResourceUrl('assets/icons/hamburger_icon.svg')\r\n    )\r\n    .addSvgIcon(\r\n      'valid',\r\n      sanitizer.bypassSecurityTrustResourceUrl('assets/icons/check_icon.svg')\r\n    )\r\n    .addSvgIcon(\r\n      'invalid',\r\n      sanitizer.bypassSecurityTrustResourceUrl('assets/icons/invalid_icon.svg')\r\n    );\r\n  }\r\n\r\n  public ngOnInit() :void {\r\n    this.router.events\r\n    .pipe(\r\n      // unsubscribe on component destruction\r\n      takeUntil(this.destroy$), \r\n      filter(event => event instanceof NavigationEnd)\r\n    )\r\n    .subscribe(() => {\r\n      // main menu must not be shown on homepage\r\n      this.showMainMenu = !this.router.url.match(/^\\/$/);\r\n    });\r\n  }\r\n\r\n  public ngOnDestroy(): void {\r\n    // emit to Subject to unsubscribe from observables\r\n    this.destroy$.next(true);\r\n  }\r\n}\r\n",
        "<main class=\"app\">\r\n  @if ( showMainMenu) {\r\n    <app-menu></app-menu>\r\n  }\r\n  <app-back-button></app-back-button>\r\n  <div>\r\n    <router-outlet></router-outlet>\r\n  </div>\r\n  <app-notification></app-notification>\r\n</main>"
      ],
      "mappings": "AACA,SAASA,aAAa,EAAUC,YAAY,QAAQ,iBAAiB;AACrE,SAASC,aAAa,QAAQ,8BAA8B;AAC5D,SAASC,qBAAqB,QAAQ,8CAA8C;AACpF,SAASC,mBAAmB,QAAQ,4CAA4C;AAGhF,SAASC,MAAM,EAAEC,OAAO,EAAEC,SAAS,QAAQ,MAAM;;;;;;;ICL7CC,EAAA,CAAAC,SAAA,eAAqB;;;ADczB,WAAaC,YAAY;EAAnB,MAAOA,YAAY;IAOHC,MAAA;IANbC,YAAY,GAAY,IAAI;IAE3BC,QAAQ,GAAqB,IAAIP,OAAO,EAAW;IAE3DQ,KAAK,GAAG,KAAK;IAEbC,YAAoBJ,MAAc,EAAEK,YAA6B,EAAEC,SAAuB;MAAtE,KAAAN,MAAM,GAANA,MAAM;MACxB;MACAK,YAAY,CAACE,UAAU,CACrB,MAAM,EACND,SAAS,CAACE,8BAA8B,CAAC,4BAA4B,CAAC,CACvE,CAACD,UAAU,CACV,YAAY,EACZD,SAAS,CAACE,8BAA8B,CAAC,kCAAkC,CAAC,CAC7E,CAACD,UAAU,CACV,YAAY,EACZD,SAAS,CAACE,8BAA8B,CAAC,kCAAkC,CAAC,CAC7E,CAACD,UAAU,CACV,UAAU,EACVD,SAAS,CAACE,8BAA8B,CAAC,gCAAgC,CAAC,CAC3E,CAACD,UAAU,CACV,MAAM,EACND,SAAS,CAACE,8BAA8B,CAAC,4BAA4B,CAAC,CACvE,CAACD,UAAU,CACV,MAAM,EACND,SAAS,CAACE,8BAA8B,CAAC,4BAA4B,CAAC,CACvE,CACAD,UAAU,CACT,WAAW,EACXD,SAAS,CAACE,8BAA8B,CAAC,iCAAiC,CAAC,CAC5E,CACAD,UAAU,CACT,OAAO,EACPD,SAAS,CAACE,8BAA8B,CAAC,6BAA6B,CAAC,CACxE,CACAD,UAAU,CACT,SAAS,EACTD,SAAS,CAACE,8BAA8B,CAAC,+BAA+B,CAAC,CAC1E;IACH;IAEOC,QAAQA,CAAA;MACb,IAAI,CAACT,MAAM,CAACU,MAAM,CACjBC,IAAI;MACH;MACAf,SAAS,CAAC,IAAI,CAACM,QAAQ,CAAC,EACxBR,MAAM,CAACkB,KAAK,IAAIA,KAAK,YAAYvB,aAAa,CAAC,CAChD,CACAwB,SAAS,CAAC,MAAK;QACd;QACA,IAAI,CAACZ,YAAY,GAAG,CAAC,IAAI,CAACD,MAAM,CAACc,GAAG,CAACC,KAAK,CAAC,MAAM,CAAC;MACpD,CAAC,CAAC;IACJ;IAEOC,WAAWA,CAAA;MAChB;MACA,IAAI,CAACd,QAAQ,CAACe,IAAI,CAAC,IAAI,CAAC;IAC1B;;uCA1DWlB,YAAY,EAAAF,EAAA,CAAAqB,iBAAA,CAAAC,EAAA,CAAAC,MAAA,GAAAvB,EAAA,CAAAqB,iBAAA,CAAAG,EAAA,CAAAC,eAAA,GAAAzB,EAAA,CAAAqB,iBAAA,CAAAK,EAAA,CAAAC,YAAA;IAAA;;YAAZzB,YAAY;MAAA0B,SAAA;MAAAC,UAAA;MAAAC,QAAA,GAAA9B,EAAA,CAAA+B,mBAAA;MAAAC,KAAA;MAAAC,IAAA;MAAAC,MAAA;MAAAC,QAAA,WAAAC,sBAAAC,EAAA,EAAAC,GAAA;QAAA,IAAAD,EAAA;UChBzBrC,EAAA,CAAAuC,cAAA,cAAkB;UAChBvC,EAAA,CAAAwC,UAAA,IAAAC,mCAAA,mBAAqB;UAGrBzC,EAAA,CAAAC,SAAA,sBAAmC;UACnCD,EAAA,CAAAuC,cAAA,UAAK;UACHvC,EAAA,CAAAC,SAAA,oBAA+B;UACjCD,EAAA,CAAA0C,YAAA,EAAM;UACN1C,EAAA,CAAAC,SAAA,uBAAqC;UACvCD,EAAA,CAAA0C,YAAA,EAAO;;;UARL1C,EAAA,CAAA2C,SAAA,EAEC;UAFD3C,EAAA,CAAA4C,aAAA,CAAAN,GAAA,CAAAlC,YAAA,UAEC;;;qBDSSX,YAAY,EAAEC,aAAa,EAAEC,qBAAqB,EAAEC,mBAAmB;IAAA;;SAItEM,YAAY;AAAA",
      "ignoreList": []
    },
    "_coverageSchema": "1a1c01bbd47fc00a2c39e90264f33305004495a9",
    "hash": "a4bd3494556190448b2aba31cbe39a79dae278b6"
  },
  "D:\\dev\\Openclassrooms\\ParcoursDevJavaAngular\\Projet6-Développez une application full-stack complète\\mdd\\front\\src\\main.ts": {
    "path": "D:\\dev\\Openclassrooms\\ParcoursDevJavaAngular\\Projet6-Développez une application full-stack complète\\mdd\\front\\src\\main.ts",
    "statementMap": {
      "0": {
        "start": {
          "line": 4,
          "column": 0
        },
        "end": {
          "line": 4,
          "column": 79
        }
      },
      "1": {
        "start": {
          "line": 4,
          "column": 59
        },
        "end": {
          "line": 4,
          "column": 77
        }
      }
    },
    "fnMap": {
      "0": {
        "name": "(anonymous_0)",
        "decl": {
          "start": {
            "line": 4,
            "column": 52
          },
          "end": {
            "line": 4,
            "column": 53
          }
        },
        "loc": {
          "start": {
            "line": 4,
            "column": 59
          },
          "end": {
            "line": 4,
            "column": 77
          }
        },
        "line": 4
      }
    },
    "branchMap": {},
    "s": {
      "0": 81,
      "1": 0
    },
    "f": {
      "0": 0
    },
    "b": {},
    "inputSourceMap": {
      "version": 3,
      "names": [
        "bootstrapApplication",
        "appConfig",
        "AppComponent",
        "catch",
        "err",
        "console",
        "error"
      ],
      "sources": [
        "D:\\dev\\Openclassrooms\\ParcoursDevJavaAngular\\Projet6-Développez une application full-stack complète\\mdd\\front\\src\\main.ts"
      ],
      "sourcesContent": [
        "import { bootstrapApplication } from '@angular/platform-browser';\r\nimport { appConfig } from './app/app.config';\r\nimport { AppComponent } from './app/app.component';\r\n\r\nbootstrapApplication(AppComponent, appConfig)\r\n  .catch((err) => console.error(err));\r\n"
      ],
      "mappings": "AAAA,SAASA,oBAAoB,QAAQ,2BAA2B;AAChE,SAASC,SAAS,QAAQ,kBAAkB;AAC5C,SAASC,YAAY,QAAQ,qBAAqB;AAElDF,oBAAoB,CAACE,YAAY,EAAED,SAAS,CAAC,CAC1CE,KAAK,CAAEC,GAAG,IAAKC,OAAO,CAACC,KAAK,CAACF,GAAG,CAAC,CAAC",
      "ignoreList": []
    },
    "_coverageSchema": "1a1c01bbd47fc00a2c39e90264f33305004495a9",
    "hash": "eaa1be058dad25fba7419819aafc8788a66337be"
  },
  "D:/dev/Openclassrooms/ParcoursDevJavaAngular/Projet6-Développez une application full-stack complète/mdd/front/jest.config.js": {
    "path": "D:/dev/Openclassrooms/ParcoursDevJavaAngular/Projet6-Développez une application full-stack complète/mdd/front/jest.config.js",
    "statementMap": {},
    "fnMap": {},
    "branchMap": {},
    "s": {},
    "f": {},
    "b": {}
  },
  "D:/dev/Openclassrooms/ParcoursDevJavaAngular/Projet6-Développez une application full-stack complète/mdd/front/cypress.config.ts": {
    "path": "D:/dev/Openclassrooms/ParcoursDevJavaAngular/Projet6-Développez une application full-stack complète/mdd/front/cypress.config.ts",
    "statementMap": {},
    "fnMap": {},
    "branchMap": {},
    "s": {},
    "f": {},
    "b": {}
  },
  "D:/dev/Openclassrooms/ParcoursDevJavaAngular/Projet6-Développez une application full-stack complète/mdd/front/src/setup-jest.ts": {
    "path": "D:/dev/Openclassrooms/ParcoursDevJavaAngular/Projet6-Développez une application full-stack complète/mdd/front/src/setup-jest.ts",
    "statementMap": {},
    "fnMap": {},
    "branchMap": {},
    "s": {},
    "f": {},
    "b": {}
  },
  "D:/dev/Openclassrooms/ParcoursDevJavaAngular/Projet6-Développez une application full-stack complète/mdd/front/src/environments/environment.development.ts": {
    "path": "D:/dev/Openclassrooms/ParcoursDevJavaAngular/Projet6-Développez une application full-stack complète/mdd/front/src/environments/environment.development.ts",
    "statementMap": {},
    "fnMap": {},
    "branchMap": {},
    "s": {},
    "f": {},
    "b": {}
  },
  "D:/dev/Openclassrooms/ParcoursDevJavaAngular/Projet6-Développez une application full-stack complète/mdd/front/src/app/core/models/app-notification.interface.ts": {
    "path": "D:/dev/Openclassrooms/ParcoursDevJavaAngular/Projet6-Développez une application full-stack complète/mdd/front/src/app/core/models/app-notification.interface.ts",
    "statementMap": {},
    "fnMap": {},
    "branchMap": {},
    "s": {},
    "f": {},
    "b": {}
  },
  "D:/dev/Openclassrooms/ParcoursDevJavaAngular/Projet6-Développez une application full-stack complète/mdd/front/src/app/core/models/comment.interface.ts": {
    "path": "D:/dev/Openclassrooms/ParcoursDevJavaAngular/Projet6-Développez une application full-stack complète/mdd/front/src/app/core/models/comment.interface.ts",
    "statementMap": {},
    "fnMap": {},
    "branchMap": {},
    "s": {},
    "f": {},
    "b": {}
  },
  "D:/dev/Openclassrooms/ParcoursDevJavaAngular/Projet6-Développez une application full-stack complète/mdd/front/src/app/core/models/create-comment-request.interface.ts": {
    "path": "D:/dev/Openclassrooms/ParcoursDevJavaAngular/Projet6-Développez une application full-stack complète/mdd/front/src/app/core/models/create-comment-request.interface.ts",
    "statementMap": {},
    "fnMap": {},
    "branchMap": {},
    "s": {},
    "f": {},
    "b": {}
  },
  "D:/dev/Openclassrooms/ParcoursDevJavaAngular/Projet6-Développez une application full-stack complète/mdd/front/src/app/core/models/create-post-request.interface.ts": {
    "path": "D:/dev/Openclassrooms/ParcoursDevJavaAngular/Projet6-Développez une application full-stack complète/mdd/front/src/app/core/models/create-post-request.interface.ts",
    "statementMap": {},
    "fnMap": {},
    "branchMap": {},
    "s": {},
    "f": {},
    "b": {}
  },
  "D:/dev/Openclassrooms/ParcoursDevJavaAngular/Projet6-Développez une application full-stack complète/mdd/front/src/app/core/models/login-request.interface.ts": {
    "path": "D:/dev/Openclassrooms/ParcoursDevJavaAngular/Projet6-Développez une application full-stack complète/mdd/front/src/app/core/models/login-request.interface.ts",
    "statementMap": {},
    "fnMap": {},
    "branchMap": {},
    "s": {},
    "f": {},
    "b": {}
  },
  "D:/dev/Openclassrooms/ParcoursDevJavaAngular/Projet6-Développez une application full-stack complète/mdd/front/src/app/core/models/post-sort.interface.ts": {
    "path": "D:/dev/Openclassrooms/ParcoursDevJavaAngular/Projet6-Développez une application full-stack complète/mdd/front/src/app/core/models/post-sort.interface.ts",
    "statementMap": {},
    "fnMap": {},
    "branchMap": {},
    "s": {},
    "f": {},
    "b": {}
  },
  "D:/dev/Openclassrooms/ParcoursDevJavaAngular/Projet6-Développez une application full-stack complète/mdd/front/src/app/core/models/post.interface.ts": {
    "path": "D:/dev/Openclassrooms/ParcoursDevJavaAngular/Projet6-Développez une application full-stack complète/mdd/front/src/app/core/models/post.interface.ts",
    "statementMap": {},
    "fnMap": {},
    "branchMap": {},
    "s": {},
    "f": {},
    "b": {}
  },
  "D:/dev/Openclassrooms/ParcoursDevJavaAngular/Projet6-Développez une application full-stack complète/mdd/front/src/app/core/models/refresh-token-request.interface.ts": {
    "path": "D:/dev/Openclassrooms/ParcoursDevJavaAngular/Projet6-Développez une application full-stack complète/mdd/front/src/app/core/models/refresh-token-request.interface.ts",
    "statementMap": {},
    "fnMap": {},
    "branchMap": {},
    "s": {},
    "f": {},
    "b": {}
  },
  "D:/dev/Openclassrooms/ParcoursDevJavaAngular/Projet6-Développez une application full-stack complète/mdd/front/src/app/core/models/refresh-token-response.interface.ts": {
    "path": "D:/dev/Openclassrooms/ParcoursDevJavaAngular/Projet6-Développez une application full-stack complète/mdd/front/src/app/core/models/refresh-token-response.interface.ts",
    "statementMap": {},
    "fnMap": {},
    "branchMap": {},
    "s": {},
    "f": {},
    "b": {}
  },
  "D:/dev/Openclassrooms/ParcoursDevJavaAngular/Projet6-Développez une application full-stack complète/mdd/front/src/app/core/models/register-request.interface.ts": {
    "path": "D:/dev/Openclassrooms/ParcoursDevJavaAngular/Projet6-Développez une application full-stack complète/mdd/front/src/app/core/models/register-request.interface.ts",
    "statementMap": {},
    "fnMap": {},
    "branchMap": {},
    "s": {},
    "f": {},
    "b": {}
  },
  "D:/dev/Openclassrooms/ParcoursDevJavaAngular/Projet6-Développez une application full-stack complète/mdd/front/src/app/core/models/session-information.interface.ts": {
    "path": "D:/dev/Openclassrooms/ParcoursDevJavaAngular/Projet6-Développez une application full-stack complète/mdd/front/src/app/core/models/session-information.interface.ts",
    "statementMap": {},
    "fnMap": {},
    "branchMap": {},
    "s": {},
    "f": {},
    "b": {}
  },
  "D:/dev/Openclassrooms/ParcoursDevJavaAngular/Projet6-Développez une application full-stack complète/mdd/front/src/app/core/models/subscription.interface.ts": {
    "path": "D:/dev/Openclassrooms/ParcoursDevJavaAngular/Projet6-Développez une application full-stack complète/mdd/front/src/app/core/models/subscription.interface.ts",
    "statementMap": {},
    "fnMap": {},
    "branchMap": {},
    "s": {},
    "f": {},
    "b": {}
  },
  "D:/dev/Openclassrooms/ParcoursDevJavaAngular/Projet6-Développez une application full-stack complète/mdd/front/src/app/core/models/topic.interface.ts": {
    "path": "D:/dev/Openclassrooms/ParcoursDevJavaAngular/Projet6-Développez une application full-stack complète/mdd/front/src/app/core/models/topic.interface.ts",
    "statementMap": {},
    "fnMap": {},
    "branchMap": {},
    "s": {},
    "f": {},
    "b": {}
  },
  "D:/dev/Openclassrooms/ParcoursDevJavaAngular/Projet6-Développez une application full-stack complète/mdd/front/src/app/core/models/update-user-request.ts": {
    "path": "D:/dev/Openclassrooms/ParcoursDevJavaAngular/Projet6-Développez une application full-stack complète/mdd/front/src/app/core/models/update-user-request.ts",
    "statementMap": {},
    "fnMap": {},
    "branchMap": {},
    "s": {},
    "f": {},
    "b": {}
  },
  "D:/dev/Openclassrooms/ParcoursDevJavaAngular/Projet6-Développez une application full-stack complète/mdd/front/src/app/core/models/user.interface.ts": {
    "path": "D:/dev/Openclassrooms/ParcoursDevJavaAngular/Projet6-Développez une application full-stack complète/mdd/front/src/app/core/models/user.interface.ts",
    "statementMap": {},
    "fnMap": {},
    "branchMap": {},
    "s": {},
    "f": {},
    "b": {}
  }
}